{"contracts/IWrappedCfx.sol":{"l":{},"path":"/Users/xiongyu/WrappedConflux/contracts/IWrappedCfx.sol","s":{},"b":{},"f":{},"fnMap":{},"statementMap":{},"branchMap":{}},"contracts/WrappedCfx.sol":{"l":{"58":1,"59":1,"60":0,"64":1,"69":1,"80":0,"87":0,"97":0,"106":0,"113":5,"120":4,"133":0,"145":0,"150":0,"152":0,"154":0,"156":0,"158":0,"162":1,"171":2,"182":0,"193":0,"198":0,"199":0,"201":0,"204":0,"211":0,"213":0,"214":0,"216":0,"219":0,"226":0,"241":0,"245":0,"267":0,"271":0,"286":0,"295":0,"296":0,"297":0,"298":0,"315":0,"319":0,"321":0,"323":0,"325":0,"326":0,"335":0,"337":0,"341":2,"342":2,"346":1,"352":0,"353":0,"380":2,"383":2,"384":2,"386":2,"396":2,"397":2,"419":0,"420":0,"422":0,"424":0,"426":0,"452":2,"454":2,"464":2,"468":2,"471":2,"472":2,"473":2,"475":0,"476":0,"480":0,"483":2,"484":2,"485":2,"496":0,"500":0,"502":0,"503":0,"514":0,"516":0,"517":0,"537":2,"541":2,"542":0,"573":2,"577":2,"578":0,"587":2},"path":"/Users/xiongyu/WrappedConflux/contracts/WrappedCfx.sol","s":{"1":1,"2":1,"3":0,"4":1,"5":1,"6":0,"7":0,"8":0,"9":0,"10":5,"11":4,"12":0,"13":0,"14":0,"15":0,"16":0,"17":0,"18":0,"19":1,"20":2,"21":0,"22":0,"23":0,"24":0,"25":0,"26":0,"27":0,"28":0,"29":0,"30":0,"31":0,"32":0,"33":0,"34":0,"35":0,"36":0,"37":0,"38":0,"39":0,"40":0,"41":0,"42":0,"43":0,"44":0,"45":0,"46":0,"47":0,"48":2,"49":2,"50":1,"51":0,"52":0,"53":2,"54":2,"55":2,"56":2,"57":2,"58":2,"59":0,"60":0,"61":0,"62":0,"63":0,"64":2,"65":2,"66":2,"67":2,"68":2,"69":2,"70":2,"71":0,"72":0,"73":2,"74":2,"75":2,"76":0,"77":0,"78":0,"79":0,"80":0,"81":0,"82":0,"83":2,"84":2,"85":0,"86":2,"87":2,"88":0,"89":2,"90":2},"b":{"1":[0,0],"2":[0,0],"3":[0,0],"4":[0,0],"5":[0,0],"6":[0,0],"7":[0,0],"8":[0,0],"9":[0,0],"10":[0,0],"11":[2,0],"12":[0,0],"13":[0,0],"14":[2,0],"15":[2,0],"16":[0,0],"17":[0,2],"18":[0,2],"19":[2,0],"20":[2,0]},"f":{"1":1,"2":0,"3":0,"4":0,"5":0,"6":5,"7":4,"8":0,"9":0,"10":1,"11":2,"12":0,"13":0,"14":0,"15":0,"16":0,"17":0,"18":0,"19":0,"20":0,"21":2,"22":1,"23":0,"24":2,"25":0,"26":2,"27":0,"28":0,"29":2,"30":2},"fnMap":{"1":{"name":"constructor","line":57,"loc":{"start":{"line":57,"column":4},"end":{"line":74,"column":4}}},"2":{"name":"name","line":79,"loc":{"start":{"line":79,"column":4},"end":{"line":81,"column":4}}},"3":{"name":"symbol","line":86,"loc":{"start":{"line":86,"column":4},"end":{"line":88,"column":4}}},"4":{"name":"decimals","line":96,"loc":{"start":{"line":96,"column":4},"end":{"line":98,"column":4}}},"5":{"name":"granularity","line":105,"loc":{"start":{"line":105,"column":4},"end":{"line":107,"column":4}}},"6":{"name":"totalSupply","line":112,"loc":{"start":{"line":112,"column":4},"end":{"line":114,"column":4}}},"7":{"name":"balanceOf","line":119,"loc":{"start":{"line":119,"column":4},"end":{"line":121,"column":4}}},"8":{"name":"send","line":128,"loc":{"start":{"line":128,"column":4},"end":{"line":134,"column":4}}},"9":{"name":"transfer","line":144,"loc":{"start":{"line":144,"column":4},"end":{"line":159,"column":4}}},"10":{"name":"withdraw","line":161,"loc":{"start":{"line":161,"column":4},"end":{"line":163,"column":4}}},"11":{"name":"burn","line":170,"loc":{"start":{"line":170,"column":4},"end":{"line":172,"column":4}}},"12":{"name":"isOperatorFor","line":177,"loc":{"start":{"line":177,"column":4},"end":{"line":187,"column":4}}},"13":{"name":"authorizeOperator","line":192,"loc":{"start":{"line":192,"column":4},"end":{"line":205,"column":4}}},"14":{"name":"revokeOperator","line":210,"loc":{"start":{"line":210,"column":4},"end":{"line":220,"column":4}}},"15":{"name":"defaultOperators","line":225,"loc":{"start":{"line":225,"column":4},"end":{"line":227,"column":4}}},"16":{"name":"operatorSend","line":234,"loc":{"start":{"line":234,"column":4},"end":{"line":254,"column":4}}},"17":{"name":"operatorBurn","line":261,"loc":{"start":{"line":261,"column":4},"end":{"line":272,"column":4}}},"18":{"name":"allowance","line":281,"loc":{"start":{"line":281,"column":4},"end":{"line":287,"column":4}}},"19":{"name":"approve","line":294,"loc":{"start":{"line":294,"column":4},"end":{"line":299,"column":4}}},"20":{"name":"transferFrom","line":310,"loc":{"start":{"line":310,"column":4},"end":{"line":338,"column":4}}},"21":{"name":"deposit","line":340,"loc":{"start":{"line":340,"column":4},"end":{"line":343,"column":4}}},"22":{"name":"","line":345,"loc":{"start":{"line":345,"column":4},"end":{"line":347,"column":4}}},"23":{"name":"depositFor","line":351,"loc":{"start":{"line":351,"column":4},"end":{"line":354,"column":4}}},"24":{"name":"_mint","line":373,"loc":{"start":{"line":373,"column":4},"end":{"line":398,"column":4}}},"25":{"name":"_send","line":410,"loc":{"start":{"line":410,"column":4},"end":{"line":435,"column":4}}},"26":{"name":"_burn","line":445,"loc":{"start":{"line":445,"column":4},"end":{"line":486,"column":4}}},"27":{"name":"_move","line":488,"loc":{"start":{"line":488,"column":4},"end":{"line":504,"column":4}}},"28":{"name":"_approve","line":506,"loc":{"start":{"line":506,"column":4},"end":{"line":518,"column":4}}},"29":{"name":"_callTokensToSend","line":529,"loc":{"start":{"line":529,"column":4},"end":{"line":551,"column":4}}},"30":{"name":"_callTokensReceived","line":564,"loc":{"start":{"line":564,"column":4},"end":{"line":592,"column":4}}}},"statementMap":{"1":{"start":{"line":58,"column":8},"end":{"line":58,"column":48}},"2":{"start":{"line":59,"column":8},"end":{"line":59,"column":2357}},"3":{"start":{"line":60,"column":12},"end":{"line":60,"column":62}},"4":{"start":{"line":64,"column":8},"end":{"line":64,"column":2534}},"5":{"start":{"line":69,"column":8},"end":{"line":69,"column":2686}},"6":{"start":{"line":80,"column":8},"end":{"line":80,"column":20}},"7":{"start":{"line":87,"column":8},"end":{"line":87,"column":22}},"8":{"start":{"line":97,"column":8},"end":{"line":97,"column":17}},"9":{"start":{"line":106,"column":8},"end":{"line":106,"column":16}},"10":{"start":{"line":113,"column":8},"end":{"line":113,"column":27}},"11":{"start":{"line":120,"column":8},"end":{"line":120,"column":37}},"12":{"start":{"line":133,"column":8},"end":{"line":133,"column":75}},"13":{"start":{"line":145,"column":8},"end":{"line":145,"column":4571}},"14":{"start":{"line":150,"column":8},"end":{"line":150,"column":35}},"15":{"start":{"line":152,"column":8},"end":{"line":152,"column":63}},"16":{"start":{"line":154,"column":8},"end":{"line":154,"column":51}},"17":{"start":{"line":156,"column":8},"end":{"line":156,"column":72}},"18":{"start":{"line":158,"column":8},"end":{"line":158,"column":19}},"19":{"start":{"line":162,"column":8},"end":{"line":162,"column":23}},"20":{"start":{"line":171,"column":8},"end":{"line":171,"column":58}},"21":{"start":{"line":182,"column":8},"end":{"line":182,"column":5503}},"22":{"start":{"line":193,"column":8},"end":{"line":193,"column":5806}},"23":{"start":{"line":198,"column":8},"end":{"line":198,"column":5924}},"24":{"start":{"line":201,"column":12},"end":{"line":201,"column":52}},"25":{"start":{"line":204,"column":8},"end":{"line":204,"column":55}},"26":{"start":{"line":211,"column":8},"end":{"line":211,"column":77}},"27":{"start":{"line":213,"column":8},"end":{"line":213,"column":6377}},"28":{"start":{"line":214,"column":12},"end":{"line":214,"column":66}},"29":{"start":{"line":219,"column":8},"end":{"line":219,"column":52}},"30":{"start":{"line":226,"column":8},"end":{"line":226,"column":37}},"31":{"start":{"line":241,"column":8},"end":{"line":241,"column":7103}},"32":{"start":{"line":245,"column":8},"end":{"line":245,"column":7239}},"33":{"start":{"line":267,"column":8},"end":{"line":267,"column":7689}},"34":{"start":{"line":271,"column":8},"end":{"line":271,"column":63}},"35":{"start":{"line":286,"column":8},"end":{"line":286,"column":43}},"36":{"start":{"line":295,"column":8},"end":{"line":295,"column":74}},"37":{"start":{"line":296,"column":8},"end":{"line":296,"column":37}},"38":{"start":{"line":297,"column":8},"end":{"line":297,"column":39}},"39":{"start":{"line":298,"column":8},"end":{"line":298,"column":19}},"40":{"start":{"line":315,"column":8},"end":{"line":315,"column":9194}},"41":{"start":{"line":319,"column":8},"end":{"line":319,"column":78}},"42":{"start":{"line":321,"column":8},"end":{"line":321,"column":38}},"43":{"start":{"line":323,"column":8},"end":{"line":323,"column":68}},"44":{"start":{"line":325,"column":8},"end":{"line":325,"column":56}},"45":{"start":{"line":326,"column":8},"end":{"line":326,"column":9564}},"46":{"start":{"line":335,"column":8},"end":{"line":335,"column":77}},"47":{"start":{"line":337,"column":8},"end":{"line":337,"column":19}},"48":{"start":{"line":341,"column":8},"end":{"line":341,"column":55}},"49":{"start":{"line":342,"column":8},"end":{"line":342,"column":47}},"50":{"start":{"line":346,"column":8},"end":{"line":346,"column":16}},"51":{"start":{"line":352,"column":8},"end":{"line":352,"column":58}},"52":{"start":{"line":353,"column":8},"end":{"line":353,"column":50}},"53":{"start":{"line":380,"column":8},"end":{"line":380,"column":73}},"54":{"start":{"line":383,"column":8},"end":{"line":383,"column":46}},"55":{"start":{"line":384,"column":8},"end":{"line":384,"column":58}},"56":{"start":{"line":386,"column":8},"end":{"line":386,"column":11435}},"57":{"start":{"line":396,"column":8},"end":{"line":396,"column":70}},"58":{"start":{"line":397,"column":8},"end":{"line":397,"column":50}},"59":{"start":{"line":419,"column":8},"end":{"line":419,"column":72}},"60":{"start":{"line":420,"column":8},"end":{"line":420,"column":68}},"61":{"start":{"line":422,"column":8},"end":{"line":422,"column":76}},"62":{"start":{"line":424,"column":8},"end":{"line":424,"column":64}},"63":{"start":{"line":426,"column":8},"end":{"line":426,"column":12815}},"64":{"start":{"line":452,"column":8},"end":{"line":452,"column":72}},"65":{"start":{"line":454,"column":8},"end":{"line":454,"column":13628}},"66":{"start":{"line":464,"column":8},"end":{"line":464,"column":13828}},"67":{"start":{"line":468,"column":8},"end":{"line":468,"column":46}},"68":{"start":{"line":471,"column":8},"end":{"line":471,"column":14030}},"69":{"start":{"line":472,"column":12},"end":{"line":472,"column":62}},"70":{"start":{"line":473,"column":12},"end":{"line":473,"column":37}},"71":{"start":{"line":475,"column":12},"end":{"line":475,"column":50}},"72":{"start":{"line":480,"column":12},"end":{"line":480,"column":37}},"73":{"start":{"line":483,"column":8},"end":{"line":483,"column":63}},"74":{"start":{"line":484,"column":8},"end":{"line":484,"column":37}},"75":{"start":{"line":485,"column":8},"end":{"line":485,"column":47}},"76":{"start":{"line":496,"column":8},"end":{"line":496,"column":14727}},"77":{"start":{"line":500,"column":8},"end":{"line":500,"column":48}},"78":{"start":{"line":502,"column":8},"end":{"line":502,"column":69}},"79":{"start":{"line":503,"column":8},"end":{"line":503,"column":39}},"80":{"start":{"line":514,"column":8},"end":{"line":514,"column":76}},"81":{"start":{"line":516,"column":8},"end":{"line":516,"column":43}},"82":{"start":{"line":517,"column":8},"end":{"line":517,"column":45}},"83":{"start":{"line":537,"column":8},"end":{"line":537,"column":16230}},"84":{"start":{"line":541,"column":8},"end":{"line":541,"column":16371}},"85":{"start":{"line":542,"column":12},"end":{"line":542,"column":16420}},"86":{"start":{"line":573,"column":8},"end":{"line":573,"column":17569}},"87":{"start":{"line":577,"column":8},"end":{"line":577,"column":17711}},"88":{"start":{"line":578,"column":12},"end":{"line":578,"column":17760}},"89":{"start":{"line":586,"column":15},"end":{"line":586,"column":17979}},"90":{"start":{"line":587,"column":12},"end":{"line":587,"column":18022}}},"branchMap":{"1":{"line":145,"type":"if","locations":[{"start":{"line":145,"column":8},"end":{"line":145,"column":8}},{"start":{"line":145,"column":8},"end":{"line":145,"column":8}}]},"2":{"line":193,"type":"if","locations":[{"start":{"line":193,"column":8},"end":{"line":193,"column":8}},{"start":{"line":193,"column":8},"end":{"line":193,"column":8}}]},"3":{"line":198,"type":"if","locations":[{"start":{"line":198,"column":8},"end":{"line":198,"column":8}},{"start":{"line":198,"column":8},"end":{"line":198,"column":8}}]},"4":{"line":211,"type":"if","locations":[{"start":{"line":211,"column":8},"end":{"line":211,"column":8}},{"start":{"line":211,"column":8},"end":{"line":211,"column":8}}]},"5":{"line":213,"type":"if","locations":[{"start":{"line":213,"column":8},"end":{"line":213,"column":8}},{"start":{"line":213,"column":8},"end":{"line":213,"column":8}}]},"6":{"line":241,"type":"if","locations":[{"start":{"line":241,"column":8},"end":{"line":241,"column":8}},{"start":{"line":241,"column":8},"end":{"line":241,"column":8}}]},"7":{"line":267,"type":"if","locations":[{"start":{"line":267,"column":8},"end":{"line":267,"column":8}},{"start":{"line":267,"column":8},"end":{"line":267,"column":8}}]},"8":{"line":295,"type":"if","locations":[{"start":{"line":295,"column":8},"end":{"line":295,"column":8}},{"start":{"line":295,"column":8},"end":{"line":295,"column":8}}]},"9":{"line":315,"type":"if","locations":[{"start":{"line":315,"column":8},"end":{"line":315,"column":8}},{"start":{"line":315,"column":8},"end":{"line":315,"column":8}}]},"10":{"line":319,"type":"if","locations":[{"start":{"line":319,"column":8},"end":{"line":319,"column":8}},{"start":{"line":319,"column":8},"end":{"line":319,"column":8}}]},"11":{"line":380,"type":"if","locations":[{"start":{"line":380,"column":8},"end":{"line":380,"column":8}},{"start":{"line":380,"column":8},"end":{"line":380,"column":8}}]},"12":{"line":419,"type":"if","locations":[{"start":{"line":419,"column":8},"end":{"line":419,"column":8}},{"start":{"line":419,"column":8},"end":{"line":419,"column":8}}]},"13":{"line":420,"type":"if","locations":[{"start":{"line":420,"column":8},"end":{"line":420,"column":8}},{"start":{"line":420,"column":8},"end":{"line":420,"column":8}}]},"14":{"line":452,"type":"if","locations":[{"start":{"line":452,"column":8},"end":{"line":452,"column":8}},{"start":{"line":452,"column":8},"end":{"line":452,"column":8}}]},"15":{"line":471,"type":"if","locations":[{"start":{"line":471,"column":8},"end":{"line":471,"column":8}},{"start":{"line":471,"column":8},"end":{"line":471,"column":8}}]},"16":{"line":514,"type":"if","locations":[{"start":{"line":514,"column":8},"end":{"line":514,"column":8}},{"start":{"line":514,"column":8},"end":{"line":514,"column":8}}]},"17":{"line":541,"type":"if","locations":[{"start":{"line":541,"column":8},"end":{"line":541,"column":8}},{"start":{"line":541,"column":8},"end":{"line":541,"column":8}}]},"18":{"line":577,"type":"if","locations":[{"start":{"line":577,"column":8},"end":{"line":577,"column":8}},{"start":{"line":577,"column":8},"end":{"line":577,"column":8}}]},"19":{"line":586,"type":"if","locations":[{"start":{"line":586,"column":15},"end":{"line":586,"column":15}},{"start":{"line":586,"column":15},"end":{"line":586,"column":15}}]},"20":{"line":587,"type":"if","locations":[{"start":{"line":587,"column":12},"end":{"line":587,"column":12}},{"start":{"line":587,"column":12},"end":{"line":587,"column":12}}]}}}}