{"contracts/WrappedCfx.sol":{"l":{"64":1,"65":1,"66":0,"67":0,"71":1,"76":1,"82":1,"83":1,"90":0,"97":0,"107":0,"116":0,"123":5,"130":4,"143":0,"159":0,"164":0,"166":0,"168":0,"170":0,"172":0,"176":1,"185":2,"196":0,"207":0,"212":0,"213":0,"215":0,"218":0,"220":0,"221":0,"228":0,"230":0,"231":0,"233":0,"236":0,"238":0,"239":0,"246":0,"261":0,"265":0,"287":0,"291":0,"306":0,"319":0,"320":0,"321":0,"322":0,"339":0,"343":0,"345":0,"347":0,"349":0,"350":0,"359":0,"361":0,"365":2,"366":2,"370":1,"397":2,"400":2,"401":2,"403":2,"413":2,"414":2,"416":2,"438":0,"439":0,"441":0,"443":0,"445":0,"455":0,"473":2,"475":2,"485":2,"489":2,"492":2,"493":2,"495":2,"496":2,"497":2,"508":0,"512":0,"514":0,"515":0,"517":0,"528":0,"530":0,"531":0,"533":0,"534":0,"554":2,"558":2,"559":0,"590":2,"594":2,"595":0,"604":2,"613":0,"614":0,"615":0,"619":0,"620":0,"624":0,"628":2,"629":1,"630":1,"635":0,"643":0,"651":0,"659":0,"667":0,"672":0,"673":0,"675":0,"684":0,"686":0,"687":0},"path":"/Users/wangfan/Project/Wrapped-Conflux/contracts/WrappedCfx.sol","s":{"1":1,"2":1,"3":0,"4":0,"5":1,"6":1,"7":1,"8":1,"9":0,"10":0,"11":0,"12":0,"13":5,"14":4,"15":0,"16":0,"17":0,"18":0,"19":0,"20":0,"21":0,"22":1,"23":2,"24":0,"25":0,"26":0,"27":0,"28":0,"29":0,"30":0,"31":0,"32":0,"33":0,"34":0,"35":0,"36":0,"37":0,"38":0,"39":0,"40":0,"41":0,"42":0,"43":0,"44":0,"45":0,"46":0,"47":0,"48":0,"49":0,"50":0,"51":0,"52":0,"53":0,"54":0,"55":2,"56":2,"57":1,"58":2,"59":2,"60":2,"61":2,"62":2,"63":2,"64":2,"65":0,"66":0,"67":0,"68":0,"69":0,"70":0,"71":2,"72":2,"73":2,"74":2,"75":2,"76":2,"77":2,"78":2,"79":2,"80":0,"81":0,"82":0,"83":0,"84":0,"85":0,"86":0,"87":0,"88":0,"89":0,"90":2,"91":2,"92":0,"93":2,"94":2,"95":0,"96":2,"97":2,"98":0,"99":0,"100":0,"101":0,"102":2,"103":1,"104":1,"105":0,"106":0,"107":0,"108":0,"109":0,"110":0,"111":0,"112":0,"113":0,"114":0},"b":{"1":[0,0],"2":[0,0],"3":[0,0],"4":[0,0],"5":[0,0],"6":[0,0],"7":[0,0],"8":[0,0],"9":[0,0],"10":[0,0],"11":[2,0],"12":[0,0],"13":[0,0],"14":[2,0],"15":[0,0],"16":[0,2],"17":[0,2],"18":[2,0],"19":[2,0],"20":[0,0],"21":[0,0],"22":[0,0],"23":[1,1],"24":[0,0],"25":[0,0],"26":[0,0],"27":[0,0]},"f":{"1":1,"2":0,"3":0,"4":0,"5":0,"6":5,"7":4,"8":0,"9":0,"10":1,"11":2,"12":0,"13":0,"14":0,"15":0,"16":0,"17":0,"18":0,"19":0,"20":0,"21":2,"22":1,"23":2,"24":0,"25":2,"26":0,"27":0,"28":2,"29":2,"30":0,"31":0,"32":0,"33":2,"34":0,"35":0,"36":0,"37":0,"38":0,"39":0},"fnMap":{"1":{"name":"constructor","line":63,"loc":{"start":{"line":63,"column":4},"end":{"line":84,"column":4}}},"2":{"name":"name","line":89,"loc":{"start":{"line":89,"column":4},"end":{"line":91,"column":4}}},"3":{"name":"symbol","line":96,"loc":{"start":{"line":96,"column":4},"end":{"line":98,"column":4}}},"4":{"name":"decimals","line":106,"loc":{"start":{"line":106,"column":4},"end":{"line":108,"column":4}}},"5":{"name":"granularity","line":115,"loc":{"start":{"line":115,"column":4},"end":{"line":117,"column":4}}},"6":{"name":"totalSupply","line":122,"loc":{"start":{"line":122,"column":4},"end":{"line":124,"column":4}}},"7":{"name":"balanceOf","line":129,"loc":{"start":{"line":129,"column":4},"end":{"line":131,"column":4}}},"8":{"name":"send","line":142,"loc":{"start":{"line":138,"column":4},"end":{"line":144,"column":4}}},"9":{"name":"transfer","line":156,"loc":{"start":{"line":154,"column":4},"end":{"line":173,"column":4}}},"10":{"name":"withdraw","line":175,"loc":{"start":{"line":175,"column":4},"end":{"line":177,"column":4}}},"11":{"name":"burn","line":184,"loc":{"start":{"line":184,"column":4},"end":{"line":186,"column":4}}},"12":{"name":"isOperatorFor","line":191,"loc":{"start":{"line":191,"column":4},"end":{"line":201,"column":4}}},"13":{"name":"authorizeOperator","line":206,"loc":{"start":{"line":206,"column":4},"end":{"line":222,"column":4}}},"14":{"name":"revokeOperator","line":227,"loc":{"start":{"line":227,"column":4},"end":{"line":240,"column":4}}},"15":{"name":"defaultOperators","line":245,"loc":{"start":{"line":245,"column":4},"end":{"line":247,"column":4}}},"16":{"name":"operatorSend","line":260,"loc":{"start":{"line":254,"column":4},"end":{"line":274,"column":4}}},"17":{"name":"operatorBurn","line":286,"loc":{"start":{"line":281,"column":4},"end":{"line":292,"column":4}}},"18":{"name":"allowance","line":301,"loc":{"start":{"line":301,"column":4},"end":{"line":307,"column":4}}},"19":{"name":"approve","line":316,"loc":{"start":{"line":314,"column":4},"end":{"line":323,"column":4}}},"20":{"name":"transferFrom","line":338,"loc":{"start":{"line":334,"column":4},"end":{"line":362,"column":4}}},"21":{"name":"deposit","line":364,"loc":{"start":{"line":364,"column":4},"end":{"line":367,"column":4}}},"22":{"name":"","line":369,"loc":{"start":{"line":369,"column":4},"end":{"line":371,"column":4}}},"23":{"name":"_mint","line":390,"loc":{"start":{"line":390,"column":4},"end":{"line":417,"column":4}}},"24":{"name":"_send","line":429,"loc":{"start":{"line":429,"column":4},"end":{"line":456,"column":4}}},"25":{"name":"_burn","line":466,"loc":{"start":{"line":466,"column":4},"end":{"line":498,"column":4}}},"26":{"name":"_move","line":500,"loc":{"start":{"line":500,"column":4},"end":{"line":518,"column":4}}},"27":{"name":"_approve","line":520,"loc":{"start":{"line":520,"column":4},"end":{"line":535,"column":4}}},"28":{"name":"_callTokensToSend","line":546,"loc":{"start":{"line":546,"column":4},"end":{"line":568,"column":4}}},"29":{"name":"_callTokensReceived","line":581,"loc":{"start":{"line":581,"column":4},"end":{"line":609,"column":4}}},"30":{"name":"whenMigration","line":612,"loc":{"start":{"line":612,"column":4},"end":{"line":616,"column":4}}},"31":{"name":"onlyCreator","line":618,"loc":{"start":{"line":618,"column":4},"end":{"line":621,"column":4}}},"32":{"name":"finishMigration","line":623,"loc":{"start":{"line":623,"column":4},"end":{"line":625,"column":4}}},"33":{"name":"addAccount","line":627,"loc":{"start":{"line":627,"column":4},"end":{"line":632,"column":4}}},"34":{"name":"accountCount","line":634,"loc":{"start":{"line":634,"column":4},"end":{"line":636,"column":4}}},"35":{"name":"setTotalSupply","line":641,"loc":{"start":{"line":638,"column":4},"end":{"line":644,"column":4}}},"36":{"name":"setBalance","line":649,"loc":{"start":{"line":646,"column":4},"end":{"line":652,"column":4}}},"37":{"name":"setAllowance","line":658,"loc":{"start":{"line":654,"column":4},"end":{"line":660,"column":4}}},"38":{"name":"setOpeartor","line":665,"loc":{"start":{"line":662,"column":4},"end":{"line":677,"column":4}}},"39":{"name":"setRevokedDefaultOperator","line":682,"loc":{"start":{"line":679,"column":4},"end":{"line":689,"column":4}}}},"statementMap":{"1":{"start":{"line":64,"column":8},"end":{"line":64,"column":48}},"2":{"start":{"line":65,"column":8},"end":{"line":65,"column":2525}},"3":{"start":{"line":66,"column":12},"end":{"line":66,"column":62}},"4":{"start":{"line":67,"column":12},"end":{"line":67,"column":48}},"5":{"start":{"line":71,"column":8},"end":{"line":71,"column":2753}},"6":{"start":{"line":76,"column":8},"end":{"line":76,"column":2905}},"7":{"start":{"line":82,"column":8},"end":{"line":82,"column":30}},"8":{"start":{"line":83,"column":8},"end":{"line":83,"column":26}},"9":{"start":{"line":90,"column":8},"end":{"line":90,"column":20}},"10":{"start":{"line":97,"column":8},"end":{"line":97,"column":22}},"11":{"start":{"line":107,"column":8},"end":{"line":107,"column":17}},"12":{"start":{"line":116,"column":8},"end":{"line":116,"column":16}},"13":{"start":{"line":123,"column":8},"end":{"line":123,"column":27}},"14":{"start":{"line":130,"column":8},"end":{"line":130,"column":37}},"15":{"start":{"line":143,"column":8},"end":{"line":143,"column":75}},"16":{"start":{"line":159,"column":8},"end":{"line":159,"column":4909}},"17":{"start":{"line":164,"column":8},"end":{"line":164,"column":35}},"18":{"start":{"line":166,"column":8},"end":{"line":166,"column":63}},"19":{"start":{"line":168,"column":8},"end":{"line":168,"column":51}},"20":{"start":{"line":170,"column":8},"end":{"line":170,"column":72}},"21":{"start":{"line":172,"column":8},"end":{"line":172,"column":19}},"22":{"start":{"line":176,"column":8},"end":{"line":176,"column":23}},"23":{"start":{"line":185,"column":8},"end":{"line":185,"column":58}},"24":{"start":{"line":196,"column":8},"end":{"line":196,"column":5855}},"25":{"start":{"line":207,"column":8},"end":{"line":207,"column":6172}},"26":{"start":{"line":212,"column":8},"end":{"line":212,"column":6290}},"27":{"start":{"line":215,"column":12},"end":{"line":215,"column":52}},"28":{"start":{"line":218,"column":8},"end":{"line":218,"column":55}},"29":{"start":{"line":220,"column":8},"end":{"line":220,"column":31}},"30":{"start":{"line":221,"column":8},"end":{"line":221,"column":27}},"31":{"start":{"line":228,"column":8},"end":{"line":228,"column":77}},"32":{"start":{"line":230,"column":8},"end":{"line":230,"column":6822}},"33":{"start":{"line":231,"column":12},"end":{"line":231,"column":66}},"34":{"start":{"line":236,"column":8},"end":{"line":236,"column":52}},"35":{"start":{"line":238,"column":8},"end":{"line":238,"column":31}},"36":{"start":{"line":239,"column":8},"end":{"line":239,"column":27}},"37":{"start":{"line":246,"column":8},"end":{"line":246,"column":37}},"38":{"start":{"line":261,"column":8},"end":{"line":261,"column":7627}},"39":{"start":{"line":265,"column":8},"end":{"line":265,"column":7763}},"40":{"start":{"line":287,"column":8},"end":{"line":287,"column":8227}},"41":{"start":{"line":291,"column":8},"end":{"line":291,"column":63}},"42":{"start":{"line":306,"column":8},"end":{"line":306,"column":43}},"43":{"start":{"line":319,"column":8},"end":{"line":319,"column":74}},"44":{"start":{"line":320,"column":8},"end":{"line":320,"column":37}},"45":{"start":{"line":321,"column":8},"end":{"line":321,"column":39}},"46":{"start":{"line":322,"column":8},"end":{"line":322,"column":19}},"47":{"start":{"line":339,"column":8},"end":{"line":339,"column":9788}},"48":{"start":{"line":343,"column":8},"end":{"line":343,"column":78}},"49":{"start":{"line":345,"column":8},"end":{"line":345,"column":38}},"50":{"start":{"line":347,"column":8},"end":{"line":347,"column":68}},"51":{"start":{"line":349,"column":8},"end":{"line":349,"column":56}},"52":{"start":{"line":350,"column":8},"end":{"line":350,"column":10158}},"53":{"start":{"line":359,"column":8},"end":{"line":359,"column":77}},"54":{"start":{"line":361,"column":8},"end":{"line":361,"column":19}},"55":{"start":{"line":365,"column":8},"end":{"line":365,"column":55}},"56":{"start":{"line":366,"column":8},"end":{"line":366,"column":43}},"57":{"start":{"line":370,"column":8},"end":{"line":370,"column":16}},"58":{"start":{"line":397,"column":8},"end":{"line":397,"column":73}},"59":{"start":{"line":400,"column":8},"end":{"line":400,"column":46}},"60":{"start":{"line":401,"column":8},"end":{"line":401,"column":58}},"61":{"start":{"line":403,"column":8},"end":{"line":403,"column":11655}},"62":{"start":{"line":413,"column":8},"end":{"line":413,"column":70}},"63":{"start":{"line":414,"column":8},"end":{"line":414,"column":50}},"64":{"start":{"line":416,"column":8},"end":{"line":416,"column":26}},"65":{"start":{"line":438,"column":8},"end":{"line":438,"column":72}},"66":{"start":{"line":439,"column":8},"end":{"line":439,"column":68}},"67":{"start":{"line":441,"column":8},"end":{"line":441,"column":76}},"68":{"start":{"line":443,"column":8},"end":{"line":443,"column":64}},"69":{"start":{"line":445,"column":8},"end":{"line":445,"column":13065}},"70":{"start":{"line":455,"column":8},"end":{"line":455,"column":21}},"71":{"start":{"line":473,"column":8},"end":{"line":473,"column":72}},"72":{"start":{"line":475,"column":8},"end":{"line":475,"column":13903}},"73":{"start":{"line":485,"column":8},"end":{"line":485,"column":14103}},"74":{"start":{"line":489,"column":8},"end":{"line":489,"column":46}},"75":{"start":{"line":492,"column":8},"end":{"line":492,"column":58}},"76":{"start":{"line":493,"column":8},"end":{"line":493,"column":33}},"77":{"start":{"line":495,"column":8},"end":{"line":495,"column":63}},"78":{"start":{"line":496,"column":8},"end":{"line":496,"column":37}},"79":{"start":{"line":497,"column":8},"end":{"line":497,"column":47}},"80":{"start":{"line":508,"column":8},"end":{"line":508,"column":14755}},"81":{"start":{"line":512,"column":8},"end":{"line":512,"column":48}},"82":{"start":{"line":514,"column":8},"end":{"line":514,"column":69}},"83":{"start":{"line":515,"column":8},"end":{"line":515,"column":39}},"84":{"start":{"line":517,"column":8},"end":{"line":517,"column":21}},"85":{"start":{"line":528,"column":8},"end":{"line":528,"column":76}},"86":{"start":{"line":530,"column":8},"end":{"line":530,"column":43}},"87":{"start":{"line":531,"column":8},"end":{"line":531,"column":45}},"88":{"start":{"line":533,"column":8},"end":{"line":533,"column":25}},"89":{"start":{"line":534,"column":8},"end":{"line":534,"column":26}},"90":{"start":{"line":554,"column":8},"end":{"line":554,"column":16341}},"91":{"start":{"line":558,"column":8},"end":{"line":558,"column":16482}},"92":{"start":{"line":559,"column":12},"end":{"line":559,"column":16531}},"93":{"start":{"line":590,"column":8},"end":{"line":590,"column":17680}},"94":{"start":{"line":594,"column":8},"end":{"line":594,"column":17822}},"95":{"start":{"line":595,"column":12},"end":{"line":595,"column":17871}},"96":{"start":{"line":603,"column":15},"end":{"line":603,"column":18090}},"97":{"start":{"line":604,"column":12},"end":{"line":604,"column":18133}},"98":{"start":{"line":613,"column":8},"end":{"line":613,"column":50}},"99":{"start":{"line":614,"column":8},"end":{"line":614,"column":57}},"100":{"start":{"line":619,"column":8},"end":{"line":619,"column":65}},"101":{"start":{"line":624,"column":8},"end":{"line":624,"column":27}},"102":{"start":{"line":628,"column":8},"end":{"line":628,"column":18759}},"103":{"start":{"line":629,"column":12},"end":{"line":629,"column":39}},"104":{"start":{"line":630,"column":12},"end":{"line":630,"column":38}},"105":{"start":{"line":635,"column":8},"end":{"line":635,"column":35}},"106":{"start":{"line":643,"column":8},"end":{"line":643,"column":36}},"107":{"start":{"line":651,"column":8},"end":{"line":651,"column":35}},"108":{"start":{"line":659,"column":8},"end":{"line":659,"column":40}},"109":{"start":{"line":667,"column":8},"end":{"line":667,"column":19645}},"110":{"start":{"line":672,"column":8},"end":{"line":672,"column":19762}},"111":{"start":{"line":675,"column":12},"end":{"line":675,"column":51}},"112":{"start":{"line":684,"column":8},"end":{"line":684,"column":76}},"113":{"start":{"line":686,"column":8},"end":{"line":686,"column":20182}},"114":{"start":{"line":687,"column":12},"end":{"line":687,"column":65}}},"branchMap":{"1":{"line":159,"type":"if","locations":[{"start":{"line":159,"column":8},"end":{"line":159,"column":8}},{"start":{"line":159,"column":8},"end":{"line":159,"column":8}}]},"2":{"line":207,"type":"if","locations":[{"start":{"line":207,"column":8},"end":{"line":207,"column":8}},{"start":{"line":207,"column":8},"end":{"line":207,"column":8}}]},"3":{"line":212,"type":"if","locations":[{"start":{"line":212,"column":8},"end":{"line":212,"column":8}},{"start":{"line":212,"column":8},"end":{"line":212,"column":8}}]},"4":{"line":228,"type":"if","locations":[{"start":{"line":228,"column":8},"end":{"line":228,"column":8}},{"start":{"line":228,"column":8},"end":{"line":228,"column":8}}]},"5":{"line":230,"type":"if","locations":[{"start":{"line":230,"column":8},"end":{"line":230,"column":8}},{"start":{"line":230,"column":8},"end":{"line":230,"column":8}}]},"6":{"line":261,"type":"if","locations":[{"start":{"line":261,"column":8},"end":{"line":261,"column":8}},{"start":{"line":261,"column":8},"end":{"line":261,"column":8}}]},"7":{"line":287,"type":"if","locations":[{"start":{"line":287,"column":8},"end":{"line":287,"column":8}},{"start":{"line":287,"column":8},"end":{"line":287,"column":8}}]},"8":{"line":319,"type":"if","locations":[{"start":{"line":319,"column":8},"end":{"line":319,"column":8}},{"start":{"line":319,"column":8},"end":{"line":319,"column":8}}]},"9":{"line":339,"type":"if","locations":[{"start":{"line":339,"column":8},"end":{"line":339,"column":8}},{"start":{"line":339,"column":8},"end":{"line":339,"column":8}}]},"10":{"line":343,"type":"if","locations":[{"start":{"line":343,"column":8},"end":{"line":343,"column":8}},{"start":{"line":343,"column":8},"end":{"line":343,"column":8}}]},"11":{"line":397,"type":"if","locations":[{"start":{"line":397,"column":8},"end":{"line":397,"column":8}},{"start":{"line":397,"column":8},"end":{"line":397,"column":8}}]},"12":{"line":438,"type":"if","locations":[{"start":{"line":438,"column":8},"end":{"line":438,"column":8}},{"start":{"line":438,"column":8},"end":{"line":438,"column":8}}]},"13":{"line":439,"type":"if","locations":[{"start":{"line":439,"column":8},"end":{"line":439,"column":8}},{"start":{"line":439,"column":8},"end":{"line":439,"column":8}}]},"14":{"line":473,"type":"if","locations":[{"start":{"line":473,"column":8},"end":{"line":473,"column":8}},{"start":{"line":473,"column":8},"end":{"line":473,"column":8}}]},"15":{"line":528,"type":"if","locations":[{"start":{"line":528,"column":8},"end":{"line":528,"column":8}},{"start":{"line":528,"column":8},"end":{"line":528,"column":8}}]},"16":{"line":558,"type":"if","locations":[{"start":{"line":558,"column":8},"end":{"line":558,"column":8}},{"start":{"line":558,"column":8},"end":{"line":558,"column":8}}]},"17":{"line":594,"type":"if","locations":[{"start":{"line":594,"column":8},"end":{"line":594,"column":8}},{"start":{"line":594,"column":8},"end":{"line":594,"column":8}}]},"18":{"line":603,"type":"if","locations":[{"start":{"line":603,"column":15},"end":{"line":603,"column":15}},{"start":{"line":603,"column":15},"end":{"line":603,"column":15}}]},"19":{"line":604,"type":"if","locations":[{"start":{"line":604,"column":12},"end":{"line":604,"column":12}},{"start":{"line":604,"column":12},"end":{"line":604,"column":12}}]},"20":{"line":613,"type":"if","locations":[{"start":{"line":613,"column":8},"end":{"line":613,"column":8}},{"start":{"line":613,"column":8},"end":{"line":613,"column":8}}]},"21":{"line":614,"type":"if","locations":[{"start":{"line":614,"column":8},"end":{"line":614,"column":8}},{"start":{"line":614,"column":8},"end":{"line":614,"column":8}}]},"22":{"line":619,"type":"if","locations":[{"start":{"line":619,"column":8},"end":{"line":619,"column":8}},{"start":{"line":619,"column":8},"end":{"line":619,"column":8}}]},"23":{"line":628,"type":"if","locations":[{"start":{"line":628,"column":8},"end":{"line":628,"column":8}},{"start":{"line":628,"column":8},"end":{"line":628,"column":8}}]},"24":{"line":667,"type":"if","locations":[{"start":{"line":667,"column":8},"end":{"line":667,"column":8}},{"start":{"line":667,"column":8},"end":{"line":667,"column":8}}]},"25":{"line":672,"type":"if","locations":[{"start":{"line":672,"column":8},"end":{"line":672,"column":8}},{"start":{"line":672,"column":8},"end":{"line":672,"column":8}}]},"26":{"line":684,"type":"if","locations":[{"start":{"line":684,"column":8},"end":{"line":684,"column":8}},{"start":{"line":684,"column":8},"end":{"line":684,"column":8}}]},"27":{"line":686,"type":"if","locations":[{"start":{"line":686,"column":8},"end":{"line":686,"column":8}},{"start":{"line":686,"column":8},"end":{"line":686,"column":8}}]}}}}